<?xml version="1.0" encoding="UTF-8"?>
<!-- Generated by org.testng.reporters.JUnitReportReporter -->
<testsuite skipped="0" hostname="DESKTOP-JGFDTH5" name="testPackage.Tests" tests="5" failures="0" timestamp="2021-09-26T14:00:06 CEST" time="86.322" errors="0">
  <testcase name="logIn" time="16.624" classname="testPackage.Tests"/>
  <system-out/>
  <testcase name="search" time="15.849" classname="testPackage.Tests"/>
  <system-out/>
  <testcase name="enterMovie" time="16.143" classname="testPackage.Tests"/>
  <system-out/>
  <testcase name="addToWatchlist" time="21.853" classname="testPackage.Tests"/>
  <system-out/>
  <testcase name="goToWatchlist" time="15.853" classname="testPackage.Tests"/>
  <system-out/>
</testsuite> <!-- testPackage.Tests -->
